<?xml version="1.0" encoding="UTF-8"?>
<testng-results skipped="0" failed="0" ignored="0" total="1" passed="1">
  <reporter-output>
  </reporter-output>
  <suite name="Suite1" duration-ms="28304" started-at="2020-09-29T11:11:03 IST" finished-at="2020-09-29T11:11:31 IST">
    <groups>
    </groups>
    <test name="Regression1" duration-ms="28304" started-at="2020-09-29T11:11:03 IST" finished-at="2020-09-29T11:11:31 IST">
      <class name="Com.nopcommerce.testCases.TC_01">
        <test-method status="PASS" signature="beforesuite()[pri:0, instance:Com.nopcommerce.testCases.TC_01@2484f433]" name="beforesuite" is-config="true" duration-ms="64" started-at="2020-09-29T11:11:02 IST" finished-at="2020-09-29T11:11:03 IST">
          <reporter-output>
          </reporter-output>
        </test-method> <!-- beforesuite -->
        <test-method status="PASS" signature="beformethod(java.lang.reflect.Method)[pri:0, instance:Com.nopcommerce.testCases.TC_01@2484f433]" name="beformethod" is-config="true" duration-ms="4" started-at="2020-09-29T11:11:03 IST" finished-at="2020-09-29T11:11:03 IST">
          <params>
            <param index="0">
              <value>
                <![CDATA[public void Com.nopcommerce.testCases.TC_01.TC_01()]]>
              </value>
            </param>
          </params>
          <reporter-output>
          </reporter-output>
        </test-method> <!-- beformethod -->
        <test-method status="PASS" signature="TC_01()[pri:0, instance:Com.nopcommerce.testCases.TC_01@2484f433]" name="TC_01" duration-ms="27958" started-at="2020-09-29T11:11:03 IST" finished-at="2020-09-29T11:11:31 IST">
          <reporter-output>
          </reporter-output>
        </test-method> <!-- TC_01 -->
        <test-method status="PASS" signature="aftersuit()[pri:0, instance:Com.nopcommerce.testCases.TC_01@2484f433]" name="aftersuit" is-config="true" duration-ms="1018" started-at="2020-09-29T11:11:31 IST" finished-at="2020-09-29T11:11:32 IST">
          <reporter-output>
          </reporter-output>
        </test-method> <!-- aftersuit -->
      </class> <!-- Com.nopcommerce.testCases.TC_01 -->
    </test> <!-- Regression1 -->
  </suite> <!-- Suite1 -->
</testng-results>
