<?xml version="1.0" encoding="UTF-8"?>
<testsuite xmlns:xsi="http://www.w3.org/2001/XMLSchema-instance" xsi:noNamespaceSchemaLocation="https://maven.apache.org/surefire/maven-surefire-plugin/xsd/surefire-test-report-3.0.xsd" version="3.0" name="TestSuite" time="31.613" tests="1" errors="0" skipped="0" failures="0">
  <properties>
[...]
</properties>
  <testcase name="TC_01" classname="Com.nopcommerce.testCases.TC_01" time="28.002">
    <system-out><![CDATA[Loading Json file....
TC_01
Object created for Home page and its OR
Element Register is clicked succefully on the homepage
Object created for Registration page and its OR
Male
Element Gender is clicked succefully on the Registrationpage
Element Firstname is entered data Marjorie succefully on the Registrationpage
Element Lastname is entered data Braun succefully on the Registrationpage
5
Element [[ChromeDriver: chrome on WINDOWS (b250129e0dd73501ac7fb152913cc3da)] -> xpath: //div[@class='inputs date-of-birth']//select[1]]has selected as 5
July
Element [[ChromeDriver: chrome on WINDOWS (b250129e0dd73501ac7fb152913cc3da)] -> xpath: //div[@class='inputs date-of-birth']//select[2]]has selected as July
1994
Element [[ChromeDriver: chrome on WINDOWS (b250129e0dd73501ac7fb152913cc3da)] -> xpath: //div[@class='inputs date-of-birth']//select[3]]has selected as 1994
Element Email is entered data uzlf78@gmail.com succefully on the Registrationpage
Element Company name is entered data Kub Group succefully on the Registrationpage
Element Password is entered data 2346IHbbaa succefully on the registration page
Element Confirm password is entered data 2346IHbbaa succefully on the Registration page
Element Register is clicked succefully on the Registration Page
]]></system-out>
    <system-err><![CDATA[[main] INFO io.github.bonigarcia.wdm.WebDriverManager - Please answer the following questionnaire based on your experience with WebDriverManager. Thanks a lot!
[main] INFO io.github.bonigarcia.wdm.WebDriverManager - ====> http://tiny.cc/wdm-survey <====
[main] INFO io.github.bonigarcia.wdm.WebDriverManager - Using chromedriver 85.0.4183.87 (since Chrome 85 is installed in your machine)
[main] INFO io.github.bonigarcia.wdm.WebDriverManager - Exporting webdriver.chrome.driver as C:\Users\Admin\.m2\repository\webdriver\chromedriver\win32\85.0.4183.87\chromedriver.exe
Starting ChromeDriver 85.0.4183.87 (cd6713ebf92fa1cacc0f1a598df280093af0c5d7-refs/branch-heads/4183@{#1689}) on port 41618
Only local connections are allowed.
Please see https://chromedriver.chromium.org/security-considerations for suggestions on keeping ChromeDriver safe.
ChromeDriver was started successfully.
Sep 29, 2020 11:11:11 AM org.openqa.selenium.remote.ProtocolHandshake createSession
INFO: Detected dialect: W3C
]]></system-err>
  </testcase>
</testsuite>